============================================================
CHARTINK SCANNER
============================================================
Loaded 2640 stocks

Running 18 preset scans...
----------------------------------------
  RS New High: 0 stocks
  Momentum Burst: 30 stocks
  52W High Breakout: 0 stocks
  20-Day Breakout: 0 stocks
  SMA 50 Breakout: 0 stocks
  VCP Pattern: 100 stocks
  Tight Range: 100 stocks
  Inside Bar: 0 stocks
  Volume Spike: 0 stocks
  Accumulation: 0 stocks
  Dry Volume: 0 stocks
  Quality Growth: 0 stocks
  Value Pick: 0 stocks
  High RS + Quality: 0 stocks
  Oversold Bounce: 0 stocks
  200 SMA Reclaim: 43 stocks
  Gap Up: 0 stocks
  Gap Fill Long: 0 stocks
----------------------------------------
Results saved to /home/runner/work/tradedge-journal/tradedge-journal/data/chartink_results.json

============================================================
SCAN SUMMARY
============================================================

MOMENTUM
  • RS New High: 0 stocks
  • Momentum Burst: 30 stocks

BREAKOUT
  • 52W High Breakout: 0 stocks
  • 20-Day Breakout: 0 stocks
  • SMA 50 Breakout: 0 stocks

PATTERN
  • VCP Pattern: 100 stocks
  • Tight Range: 100 stocks
  • Inside Bar: 0 stocks

VOLUME
  • Volume Spike: 0 stocks
  • Accumulation: 0 stocks
  • Dry Volume: 0 stocks

FUNDAMENTAL
  • Quality Growth: 0 stocks
  • Value Pick: 0 stocks
  • High RS + Quality: 0 stocks

REVERSAL
  • Oversold Bounce: 0 stocks
  • 200 SMA Reclaim: 43 stocks

GAP
  • Gap Up: 0 stocks
  • Gap Fill Long: 0 stocks
