Processing top 500 stocks
[1/500] Processing RELIANCE...
[2/500] Processing HDFCBANK...
[3/500] Processing BHARTIARTL...
[4/500] Processing SBIN...
[5/500] Processing ICICIBANK...
[6/500] Processing TCS...
[7/500] Processing BAJFINANCE...
[8/500] Processing HINDUNILVR...
[9/500] Processing INFY...
[10/500] Processing LICI...
[11/500] Processing LT...
[12/500] Processing SUNPHARMA...
[13/500] Processing MARUTI...
[14/500] Processing ITC...
[15/500] Processing M&M...
[16/500] Processing AXISBANK...
[17/500] Processing NTPC...
[18/500] Processing KOTAKBANK...
[19/500] Processing TITAN...
[20/500] Processing TATAMOTORS...
[21/500] Processing TVSMOTOR...
[22/500] Processing GRASIM...
[23/500] Processing INDIGO...
[24/500] Processing DIVISLAB...
[25/500] Processing WIPRO...
[26/500] Processing HCLTECH...
[27/500] Processing ADANIENT...
[28/500] Processing ADANIPORTS...
[29/500] Processing POWERGRID...
[30/500] Processing ASIANPAINT...
[31/500] Processing BAJAJFINSV...
[32/500] Processing NESTLEIND...
[33/500] Processing ULTRACEMCO...
[34/500] Processing JSWSTEEL...
[35/500] Processing TATASTEEL...
[36/500] Processing ONGC...
[37/500] Processing COALINDIA...
[38/500] Processing TECHM...
[39/500] Processing DRREDDY...
[40/500] Processing CIPLA...
[41/500] Processing HEROMOTOCO...
[42/500] Processing EICHERMOT...
[43/500] Processing APOLLOHOSP...
[44/500] Processing BPCL...
[45/500] Processing HINDALCO...
[46/500] Processing SHRIRAMFIN...
[47/500] Processing BRITANNIA...
[48/500] Processing SBILIFE...
[49/500] Processing HDFCLIFE...
[50/500] Processing TRENT...
Progress: 50/500 (50 success, 0 failed)
[51/500] Processing BANKBARODA...
[52/500] Processing CANBK...
[53/500] Processing PNB...
[54/500] Processing IDFCFIRSTB...
[55/500] Processing FEDERALBNK...
[56/500] Processing INDIANB...
[57/500] Processing BANDHANBNK...
[58/500] Processing AUBANK...
[59/500] Processing RBLBANK...
[60/500] Processing DMART...
[61/500] Processing TATACONSUM...
[62/500] Processing DABUR...
[63/500] Processing GODREJCP...
[64/500] Processing COLPAL...
[65/500] Processing MARICO...
[66/500] Processing PIDILITIND...
[67/500] Processing BERGEPAINT...
[68/500] Processing HAVELLS...
[69/500] Processing VOLTAS...
[70/500] Processing WHIRLPOOL...
[71/500] Processing CROMPTON...
[72/500] Processing DIXON...
[73/500] Processing POLYCAB...
[74/500] Processing KEI...
[75/500] Processing SIEMENS...
[76/500] Processing ABB...
[77/500] Processing CUMMINSIND...
[78/500] Processing THERMAX...
[79/500] Processing BEL...
[80/500] Processing HAL...
[81/500] Processing BHEL...
[82/500] Processing IRCTC...
[83/500] Processing IRFC...
[84/500] Processing RVNL...
[85/500] Processing ZOMATO...
[86/500] Processing PAYTM...
[87/500] Processing NYKAA...
[88/500] Processing POLICYBZR...
[89/500] Processing PERSISTENT...
[90/500] Processing LTIM...
[91/500] Processing MPHASIS...
[92/500] Processing COFORGE...
[93/500] Processing LUPIN...
[94/500] Processing AUROPHARMA...
[95/500] Processing BIOCON...
[96/500] Processing ALKEM...
[97/500] Processing TORNTPHARM...
[98/500] Processing SYNGENE...
[99/500] Processing IPCALAB...
[100/500] Processing LAURUSLABS...
Progress: 100/500 (100 success, 0 failed)
[101/500] Processing NATCOPHARMA...
[102/500] Processing DLF...
[103/500] Processing GODREJPROP...
[104/500] Processing OBEROIRLTY...
[105/500] Processing PRESTIGE...
[106/500] Processing BRIGADE...
[107/500] Processing PHOENIXLTD...
[108/500] Processing LODHA...
[109/500] Processing PIIND...
[110/500] Processing ATUL...
[111/500] Processing DEEPAKNITRI...
[112/500] Processing CLEAN...
[113/500] Processing FLUOROCHEM...
[114/500] Processing SRF...
[115/500] Processing NAVINFLUOR...
[116/500] Processing AARTI...
[117/500] Processing TATAPOWER...
[118/500] Processing ADANIGREEN...
[119/500] Processing ADANIENSOL...
[120/500] Processing NHPC...
[121/500] Processing SJVN...
[122/500] Processing RECLTD...
[123/500] Processing PFC...
[124/500] Processing HUDCO...
[125/500] Processing JINDALSTEL...
[126/500] Processing SAIL...
[127/500] Processing NMDC...
[128/500] Processing VEDL...
[129/500] Processing NATIONALUM...
[130/500] Processing HINDZINC...
[131/500] Processing RATNAMANI...
[132/500] Processing MUTHOOTFIN...
[133/500] Processing MANAPPURAM...
[134/500] Processing CHOLAFIN...
[135/500] Processing LICHSGFIN...
[136/500] Processing BAJAJ-AUTO...
[137/500] Processing ASHOKLEY...
[138/500] Processing ESCORTS...
[139/500] Processing TIINDIA...
[140/500] Processing MRF...
[141/500] Processing BALKRISIND...
[142/500] Processing APOLLOTYRE...
[143/500] Processing CEAT...
[144/500] Processing CONCOR...
[145/500] Processing GAIL...
[146/500] Processing IOC...
[147/500] Processing HPCL...
[148/500] Processing PETRONET...
[149/500] Processing MOTHERSON...
[150/500] Processing BOSCHLTD...
Progress: 150/500 (150 success, 0 failed)
[151/500] Processing MINDAIND...
[152/500] Processing EXIDEIND...
[153/500] Processing AMBUJACEM...
[154/500] Processing ACC...
[155/500] Processing DALMIACEM...
[156/500] Processing RAMCOCEM...
[157/500] Processing JKCEMENT...
[158/500] Processing STARHEALTH...
[159/500] Processing MAXHEALTH...
[160/500] Processing FORTIS...
[161/500] Processing MEDANTA...
[162/500] Processing NAUKRI...
[163/500] Processing LTTS...
[164/500] Processing TATAELXSI...
[165/500] Processing HAPPSTMNDS...
[166/500] Processing SONACOMS...
[167/500] Processing ZENSAR...
[168/500] Processing BSOFT...
[169/500] Processing MASTEK...
[170/500] Processing CANFINHOME...
[171/500] Processing ICICIGI...
[172/500] Processing ICICIPRULI...
[173/500] Processing SBICARD...
[174/500] Processing PAGEIND...
[175/500] Processing RAYMOND...
[176/500] Processing ARVIND...
[177/500] Processing TTML...
[178/500] Processing HINDCOPPER...
[179/500] Processing MCX...
[180/500] Processing INDIAMART...
[181/500] Processing ANGELONE...
[182/500] Processing LALPATHLAB...
[183/500] Processing METROPOLIS...
[184/500] Processing KIMS...
[185/500] Processing RAINBOW...
[186/500] Processing CGCL...
[187/500] Processing JIOFINANCE...
[188/500] Processing AFFLE...
[189/500] Processing ROUTE...
[190/500] Processing LATENTVIEW...
[191/500] Processing KAYNES...
[192/500] Processing INTELLECT...
[193/500] Processing BIRLASOFT...
[194/500] Processing KPITTECH...
[195/500] Processing CYIENT...
[196/500] Processing NEWGEN...
[197/500] Processing DATAPATTNS...
[198/500] Processing SUZLON...
[199/500] Processing INOXWIND...
[200/500] Processing IIFL...
Progress: 200/500 (200 success, 0 failed)
[201/500] Processing MOTILALOFS...
[202/500] Processing ABSLAMC...
[203/500] Processing CDSL...
[204/500] Processing BSE...
[205/500] Processing CAMS...
[206/500] Processing KFINTECH...
[207/500] Processing JUBLFOOD...
[208/500] Processing DEVYANI...
[209/500] Processing WESTLIFE...
[210/500] Processing INDHOTEL...
[211/500] Processing LEMONTRE...
[212/500] Processing CHALET...
[213/500] Processing ABCAPITAL...
[214/500] Processing POONAWALLA...
[215/500] Processing CREDITACC...
[216/500] Processing AAVAS...
[217/500] Processing HOMEFIRST...
[218/500] Processing APTUS...
[219/500] Processing REPCO...
[220/500] Processing SUNDARMFIN...
[221/500] Processing MAZDOCK...
[222/500] Processing COCHINSHIP...
[223/500] Processing GRSE...
[224/500] Processing GARDENREACH...
[225/500] Processing JSWENERGY...
[226/500] Processing CESC...
[227/500] Processing TORNTPOWER...
[228/500] Processing KECINTL...
[229/500] Processing KALPATPOWR...
[230/500] Processing POWERMECH...
[231/500] Processing GPPL...
[232/500] Processing GIPCL...
[233/500] Processing PGHH...
[234/500] Processing EMAMILTD...
[235/500] Processing JYOTHYLAB...
[236/500] Processing VGUARD...
[237/500] Processing CENTURYPLY...
[238/500] Processing GREENPLY...
[239/500] Processing ASTRAL...
[240/500] Processing SUPREMEIND...
[241/500] Processing PRINCEPIPE...
[242/500] Processing FINOLEX...
[243/500] Processing APLAPOLLO...
[244/500] Processing GNFC...
[245/500] Processing GSFC...
[246/500] Processing CHAMBLFERT...
[247/500] Processing COROMANDEL...
[248/500] Processing UPL...
[249/500] Processing RALLIS...
[250/500] Processing SUMICHEM...
Progress: 250/500 (250 success, 0 failed)
[251/500] Processing ABFRL...
[252/500] Processing SHOPERSTOP...
[253/500] Processing MANYAVAR...
[254/500] Processing CAMPUS...
[255/500] Processing KALYANKJIL...
[256/500] Processing SENCO...
[257/500] Processing PCJEWELLER...
[258/500] Processing PVRINOX...
[259/500] Processing SUNTV...
[260/500] Processing NAZARA...
[261/500] Processing NETWORK18...
[262/500] Processing TV18BRDCST...
[263/500] Processing ZEEL...
[264/500] Processing GRINFRA...
[265/500] Processing PNCINFRA...
[266/500] Processing IRB...
[267/500] Processing KNR...
[268/500] Processing NCC...
[269/500] Processing NBCC...
[270/500] Processing JKTYRE...
[271/500] Processing ENDURANCE...
[272/500] Processing SWARAJ...
[273/500] Processing SKFINDIA...
[274/500] Processing SCHAEFFLER...
[275/500] Processing TIMKEN...
[276/500] Processing CARBORUNIV...
[277/500] Processing GRINDWELL...
[278/500] Processing NIPPOBATRS...
[279/500] Processing BLUEDART...
[280/500] Processing ALLCARGO...
[281/500] Processing VARUNBEV...
[282/500] Processing UNITDSPR...
[283/500] Processing RADICO...
[284/500] Processing AJANTPHARM...
[285/500] Processing GRANULES...
[286/500] Processing GLAND...
[287/500] Processing GLENMARK...
[288/500] Processing ZYDUSLIFE...
[289/500] Processing ERIS...
[290/500] Processing MANKIND...
[291/500] Processing HONAUT...
[292/500] Processing GILLETTE...
[293/500] Processing 3MINDIA...
[294/500] Processing FINEORG...
[295/500] Processing TATACHEM...
[296/500] Processing NOCIL...
[297/500] Processing VINATI...
[298/500] Processing EIDPARRY...
[299/500] Processing RENUKA...
[300/500] Processing DWARIKESH...
Progress: 300/500 (300 success, 0 failed)
[301/500] Processing TRIVENI...
[302/500] Processing TANLA...
[303/500] Processing RATEGAIN...
[304/500] Processing CMSINFO...
[305/500] Processing SOLARINDS...
[306/500] Processing TTKPRESTIG...
[307/500] Processing HAWKINCOOK...
[308/500] Processing IREDA...
[309/500] Processing TATATECH...
[310/500] Processing CELLO...
[311/500] Processing DOMS...
[312/500] Processing IXIGO...
[313/500] Processing FIRSTCRY...
[314/500] Processing BAJAJHOUS...
[315/500] Processing SAGILITY...
[316/500] Processing NTPCGREEN...
[317/500] Processing WAAREE...
[318/500] Processing ACME...
[319/500] Processing AFCONS...
[320/500] Processing SWIGGY...
[321/500] Processing NIVA...
[322/500] Processing MOBIKWIK...
[323/500] Processing ZAGGLE...
[324/500] Processing NETWEB...
[325/500] Processing MAPMYINDIA...
[326/500] Processing SBFC...
[327/500] Processing YESBANK...
[328/500] Processing IDBI...
[329/500] Processing OIL...
[330/500] Processing SAREGAMA...
[331/500] Processing TIPS...
[332/500] Processing BALRAMCHIN...
[333/500] Processing DEEPAKFERT...
[334/500] Processing RCF...
[335/500] Processing FACT...
[336/500] Processing NFL...
[337/500] Processing HDFCAMC...
[338/500] Processing TRIDENT...
[339/500] Processing WELSPUNLIV...
[340/500] Processing KPRMILL...
[341/500] Processing GOCOLORS...
[342/500] Processing 20MICRONS...
[343/500] Processing 5PAISA...
[344/500] Processing 63MOONS...
[345/500] Processing AARTIDRUGS...
[346/500] Processing AARTISURF...
[347/500] Processing ABCOTS...
[348/500] Processing ABINFRA...
[349/500] Processing ABSMARINE...
[350/500] Processing ACCELYA...
Progress: 350/500 (350 success, 0 failed)
[351/500] Processing ACCENTMIC...
[352/500] Processing ACL...
[353/500] Processing ADFFOODS...
[354/500] Processing ADOR...
[355/500] Processing ADSL...
[356/500] Processing ADVAIT...
[357/500] Processing ADVANCE...
[358/500] Processing ADVANIHOTR...
[359/500] Processing ADVENTHTL...
[360/500] Processing ADVENZYMES...
[361/500] Processing AEPL...
[362/500] Processing AEROENTER...
[363/500] Processing AEROFLEX...
[364/500] Processing AFIL...
[365/500] Processing AFSL...
[366/500] Processing AGARIND...
[367/500] Processing AGI...
[368/500] Processing AGIIL...
[369/500] Processing AHCL...
[370/500] Processing AIMTRON...
[371/500] Processing AJMERA...
[372/500] Processing ALBERTDAVD...
[373/500] Processing ALEMBICLTD...
[374/500] Processing ALGOQUANT...
[375/500] Processing ALICON...
[376/500] Processing ALLDIGI...
[377/500] Processing ALLTIME...
[378/500] Processing ALPEXSOLAR...
[379/500] Processing AMANTA...
[380/500] Processing AMBIKCO...
[381/500] Processing AMCL...
[382/500] Processing AMNPLST...
[383/500] Processing AMRUTANJAN...
[384/500] Processing ANDHRAPAP...
[385/500] Processing ANDHRSUGAR...
[386/500] Processing ANNAPURNA...
[387/500] Processing ANONDITA...
[388/500] Processing ANTELOPUS...
[389/500] Processing ANUHPHR...
[390/500] Processing ANUP...
[391/500] Processing APCL...
[392/500] Processing APCOTEXIND...
[393/500] Processing APEX...
[394/500] Processing APOLLOPIPE...
[395/500] Processing APRAMEYA...
[396/500] Processing APS...
[397/500] Processing APTECHT...
[398/500] Processing AQYLON...
[399/500] Processing ARFIN...
[400/500] Processing ARIES...
Progress: 400/500 (400 success, 0 failed)
[401/500] Processing ARIHANTACA...
[402/500] Processing ARIHANTCAP...
[403/500] Processing ARIHANTSUP...
[404/500] Processing ARIS...
[405/500] Processing ARKADE...
[406/500] Processing ARMANFIN...
[407/500] Processing ARROWGREEN...
[408/500] Processing ARSSBL...
[409/500] Processing ARTEMISMED...
[410/500] Processing ARVSMART...
[411/500] Processing ASAL...
[412/500] Processing ASALCBR...
[413/500] Processing ASHAPURMIN...
[414/500] Processing ASHIANA...
[415/500] Processing ASHOKA...
[416/500] Processing ASIANENE...
[417/500] Processing ASIANHOTNR...
[418/500] Processing ASIANTILES...
[419/500] Processing ASTEC...
[420/500] Processing ATL...
[421/500] Processing ATMASTCO...
[422/500] Processing ATULAUTO...
[423/500] Processing AURIONPRO...
[424/500] Processing AURUM...
[425/500] Processing AUTOAXLES...
[426/500] Processing AVADHSUGAR...
[427/500] Processing AVANTEL...
[428/500] Processing AVONMORE...
[429/500] Processing AVTNPL...
[430/500] Processing AWFIS...
[431/500] Processing AWHCL...
[432/500] Processing AXITA...
[433/500] Processing AYE...
[434/500] Processing AYMSYNTEX...
[435/500] Processing BAHETI...
[436/500] Processing BAJAJCON...
[437/500] Processing BAJAJELEC...
[438/500] Processing BAJAJHCARE...
[439/500] Processing BAJAJHIND...
[440/500] Processing BAJAJINDEF...
[441/500] Processing BAJEL...
[442/500] Processing BALAJITELE...
[443/500] Processing BALAMINES...
[444/500] Processing BALMLAWRIE...
[445/500] Processing BANARISUG...
[446/500] Processing BANSALWIRE...
[447/500] Processing BANSWRAS...
[448/500] Processing BASILIC...
[449/500] Processing BBL...
[450/500] Processing BBTCL...
Progress: 450/500 (450 success, 0 failed)
[451/500] Processing BCG...
[452/500] Processing BCLIND...
[453/500] Processing BEDMUTHA...
[454/500] Processing BELLACASA...
[455/500] Processing BEPL...
[456/500] Processing BESTAGRO...
[457/500] Processing BETA...
[458/500] Processing BFINVEST...
[459/500] Processing BFUTILITIE...
[460/500] Processing BGRENERGY...
[461/500] Processing BHAGCHEM...
[462/500] Processing BHAGERIA...
[463/500] Processing BHAGYANGR...
[464/500] Processing BHARATRAS...
[465/500] Processing BHARATSE...
[466/500] Processing BHARATWIRE...
[467/500] Processing BIGBLOC...
[468/500] Processing BIL...
[469/500] Processing BIRLACABLE...
[470/500] Processing BIRLAMONEY...
[471/500] Processing BIRLANU...
[472/500] Processing BLAL...
[473/500] Processing BLISSGVS...
[474/500] Processing BLKASHYAP...
[475/500] Processing BLSE...
[476/500] Processing BLUSPRING...
[477/500] Processing BMWVENTLTD...
[478/500] Processing BODALCHEM...
[479/500] Processing BOMDYEING...
[480/500] Processing BORANA...
[481/500] Processing BOROLTD...
[482/500] Processing BOROSCI...
[483/500] Processing BOSCH-HCIL...
[484/500] Processing BRIGHOTEL...
[485/500] Processing BSHSL...
[486/500] Processing BUILDPRO...
[487/500] Processing BUTTERFLY...
[488/500] Processing C2C...
[489/500] Processing CAMLINFINE...
[490/500] Processing CANTABIL...
[491/500] Processing CAPACITE...
[492/500] Processing CAPILLARY...
[493/500] Processing CAPITALSFB...
[494/500] Processing CARERATING...
[495/500] Processing CARRARO...
[496/500] Processing CARYSIL...
[497/500] Processing CCAVENUE...
[498/500] Processing CCCL...
[499/500] Processing CEIGALL...
[500/500] Processing CEINSYS...
Progress: 500/500 (500 success, 0 failed)

Completed: 500 success, 0 failed
{
  "processed": 500,
  "success": 500,
  "failed": 0,
  "errors": [],
  "start_time": "2026-03-24T10:15:45.894823",
  "end_time": "2026-03-24T10:20:05.639916"
}
