============================================================
SCAN PRESETS ENGINE
============================================================
Loaded 2640 stocks

Running 35 scan presets...
----------------------------------------
  High RS Momentum: 2 stocks
  RS New High: 0 stocks
  Momentum Surge: 9 stocks
  Triple Momentum: 3 stocks
  52W High Breakout: 9 stocks
  Breakout + Volume: 25 stocks
  Range Breakout: 0 stocks
  SMA Breakout: 18 stocks
  VCP (Volatility Contraction): 0 stocks
  Tight Flag Pattern: 0 stocks
  Cup & Handle Setup: 0 stocks
  Inside Bar: 0 stocks
  NR7 (Narrow Range 7): 0 stocks
  Tight Consolidation: 0 stocks
  Low Volatility Squeeze: 0 stocks
  Base Building: 0 stocks
  Techno-Funda Quality: 0 stocks
  Funda-Tech Breakout: 0 stocks
  Growth + Momentum: 2 stocks
  Value + Momentum: 0 stocks
  CANSLIM Setup: 2 stocks
  Buffett + Momentum: 0 stocks
  Volume Explosion: 38 stocks
  Accumulation Day: 16 stocks
  Pocket Pivot: 0 stocks
  Dry-Up Volume: 0 stocks
  Oversold Bounce: 100 stocks
  Bullish Reversal: 46 stocks
  52W Low Bounce: 0 stocks
  200 SMA Reclaim: 100 stocks
  Earnings Breakout: 3 stocks
  EPS Acceleration: 10 stocks
  Positive Earnings Surprise: 8 stocks
  Gap Up Buy: 0 stocks
  Gap Fill Long: 0 stocks
----------------------------------------
Results saved to /home/runner/work/tradedge-journal/tradedge-journal/data/scan_presets_results.json

============================================================
SCAN SUMMARY BY CATEGORY
============================================================

⚡ Momentum Scans
   • High RS Momentum: 2 stocks
   • RS New High: 0 stocks
   • Momentum Surge: 9 stocks
   • Triple Momentum: 3 stocks

🚀 Breakout Scans
   • 52W High Breakout: 9 stocks
   • Breakout + Volume: 25 stocks
   • Range Breakout: 0 stocks
   • SMA Breakout: 18 stocks
   • Gap Up Buy: 0 stocks

📊 Pattern Scans
   • VCP (Volatility Contraction): 0 stocks
   • Tight Flag Pattern: 0 stocks
   • Cup & Handle Setup: 0 stocks
   • Inside Bar: 0 stocks
   • NR7 (Narrow Range 7): 0 stocks

🎯 Consolidation Scans
   • Tight Consolidation: 0 stocks
   • Low Volatility Squeeze: 0 stocks
   • Base Building: 0 stocks

💎 Techno-Funda Scans
   • Techno-Funda Quality: 0 stocks
   • Funda-Tech Breakout: 0 stocks
   • Growth + Momentum: 2 stocks
   • Value + Momentum: 0 stocks
   • CANSLIM Setup: 2 stocks
   • Buffett + Momentum: 0 stocks

📈 Volume Scans
   • Volume Explosion: 38 stocks
   • Accumulation Day: 16 stocks
   • Pocket Pivot: 0 stocks
   • Dry-Up Volume: 0 stocks

🔄 Reversal Scans
   • Oversold Bounce: 100 stocks
   • Bullish Reversal: 46 stocks
   • 52W Low Bounce: 0 stocks
   • 200 SMA Reclaim: 100 stocks
   • Gap Fill Long: 0 stocks

💰 Earnings Scans
   • Earnings Breakout: 3 stocks
   • EPS Acceleration: 10 stocks
   • Positive Earnings Surprise: 8 stocks
